

Protein Sequence:HHHAH
Best Score:1
Possible Configuration:
[
    H - A   
        |   
H - H - H   
            
]




Protein Sequence:HHHAHAH
Best Score:1
Possible Configuration:
[
    H   
    |   
    A   
    |   
A - H   
|       
H - H   
    |   
    H   
        
]




Protein Sequence:HHAHHAHHH
Best Score:3
Possible Configuration:
[
H - H - H   
        |   
H - H - A   
|           
A - H       
    |       
    H       
            
]




Protein Sequence:HAHHHAHAHA
Best Score:2
Possible Configuration:
[
    A       
    |       
    H       
    |       
    A       
    |       
    H - A   
        |   
H - H - H   
|           
A - H       
            
]


